<?xml version="1.0" encoding="UTF-8"?>
<testsuite xmlns:xsi="http://www.w3.org/2001/XMLSchema-instance" xsi:noNamespaceSchemaLocation="https://maven.apache.org/surefire/maven-surefire-plugin/xsd/surefire-test-report-3.0.xsd" version="3.0" name="com.idera.testrail.tests.SumTests$AddMoreNumbersTests" time="0.002" tests="3" errors="0" skipped="0" failures="1">
  <properties>
    <property name="sun.desktop" value="windows"/>
    <property name="awt.toolkit" value="sun.awt.windows.WToolkit"/>
    <property name="java.specification.version" value="11"/>
  </properties>
  <testcase name="AddTwoNumbersWithDecimals" classname="com.idera.testrail.tests.SumTests" time="0.003">
    <failure message="1.5+1.4 should equal 3 ==&gt; expected: &lt;3.0&gt; but was: &lt;2.9&gt;" type="org.opentest4j.AssertionFailedError">
      <![CDATA[org.opentest4j.AssertionFailedError: 1.5+1.4 should equal 3 ==> expected: <3.0> but was: <2.9>
      at org.junit.jupiter.api.AssertionUtils.fail(AssertionUtils.java:55)
      at org.junit.jupiter.api.AssertionUtils.failNotEqual(AssertionUtils.java:62)
      at org.junit.jupiter.api.AssertEquals.assertEquals(AssertEquals.java:70)
      at org.junit.jupiter.api.Assertions.assertEquals(Assertions.java:925)
      at com.idera.testrail.tests.SumTests.AddTwoNumbersWithDecimals(SumTests.java:20)
      (...)
      ]]>
    </failure>
  </testcase>
  <testcase name="AddTwoNumbers" classname="com.idera.testrail.tests.SumTests" time="0.002"/>
  <testcase name="AddThreeNumbers" classname="com.idera.testrail.tests.SumTests$AddMoreNumbersTests" time="0.001"/>
</testsuite>
